2022-08-26 21:36:10 [ INFO] - kafkaLog -KafkaHandler.java(45) -=============收到消息，开始消费=============
2022-08-26 21:36:10 [ INFO] - kafkaLog -KafkaHandler.java(56) -2022-08-26 21:36:10 本次消费了5000条数据
2022-08-26 21:36:10 [ INFO] - kafkaLog -KafkaHandler.java(57) -准备将数据保存到数据库中······
2022-08-26 21:36:14 [ INFO] - kafkaLog -KafkaHandler.java(59) -true
2022-08-26 21:36:14 [ INFO] - kafkaLog -KafkaHandler.java(60) -=============保存完毕，消费结束=============

2022-08-26 21:37:10 [ INFO] - kafkaLog -KafkaHandler.java(45) -=============收到消息，开始消费=============
2022-08-26 21:37:10 [ INFO] - kafkaLog -KafkaHandler.java(56) -2022-08-26 21:37:10 本次消费了5000条数据
2022-08-26 21:37:10 [ INFO] - kafkaLog -KafkaHandler.java(57) -准备将数据保存到数据库中······
2022-08-26 21:37:14 [ INFO] - kafkaLog -KafkaHandler.java(59) -Save result is true
2022-08-26 21:37:14 [ INFO] - kafkaLog -KafkaHandler.java(60) -=============保存完毕，消费结束=============

2022-08-26 21:38:10 [ INFO] - kafkaLog -KafkaHandler.java(45) -=============收到消息，开始消费=============
2022-08-26 21:38:10 [ INFO] - kafkaLog -KafkaHandler.java(56) -2022-08-26 21:38:10 本次消费了5000条数据
2022-08-26 21:38:10 [ INFO] - kafkaLog -KafkaHandler.java(57) -准备将数据保存到数据库中······
2022-08-26 21:38:14 [ INFO] - kafkaLog -KafkaHandler.java(59) -Save result is true
2022-08-26 21:38:14 [ INFO] - kafkaLog -KafkaHandler.java(60) -=============保存完毕，消费结束=============

2022-08-26 21:39:10 [ INFO] - kafkaLog -KafkaHandler.java(45) -=============收到消息，开始消费=============
2022-08-26 21:39:10 [ INFO] - kafkaLog -KafkaHandler.java(56) -2022-08-26 21:39:10 本次消费了5000条数据
2022-08-26 21:39:10 [ INFO] - kafkaLog -KafkaHandler.java(57) -准备将数据保存到数据库中······
2022-08-26 21:39:14 [ INFO] - kafkaLog -KafkaHandler.java(59) -Save result is true
2022-08-26 21:39:14 [ INFO] - kafkaLog -KafkaHandler.java(60) -=============保存完毕，消费结束=============

2022-08-26 21:40:10 [ INFO] - kafkaLog -KafkaHandler.java(45) -=============收到消息，开始消费=============
2022-08-26 21:40:10 [ INFO] - kafkaLog -KafkaHandler.java(56) -2022-08-26 21:40:10 本次消费了5000条数据
2022-08-26 21:40:10 [ INFO] - kafkaLog -KafkaHandler.java(57) -准备将数据保存到数据库中······
2022-08-26 21:40:14 [ INFO] - kafkaLog -KafkaHandler.java(59) -Save result is true
2022-08-26 21:40:14 [ INFO] - kafkaLog -KafkaHandler.java(60) -=============保存完毕，消费结束=============

